<?xml version="1.0" encoding="UTF-8"?>
<testsuite xmlns:xsi="http://www.w3.org/2001/XMLSchema-instance" xsi:noNamespaceSchemaLocation="https://maven.apache.org/surefire/maven-failsafe-plugin/xsd/failsafe-test-report.xsd" name="de.muenchen.citrus.samples.apitest.SampleApiTestIT" time="0.442" tests="1" errors="1" skipped="0" failures="0">
  <properties>
    <property name="sun.desktop" value="gnome"/>
    <property name="awt.toolkit" value="sun.awt.X11.XToolkit"/>
    <property name="file.encoding.pkg" value="sun.io"/>
    <property name="java.specification.version" value="1.8"/>
    <property name="sun.cpu.isalist" value=""/>
    <property name="sun.jnu.encoding" value="UTF-8"/>
    <property name="java.class.path" value="/home/schmids/Schreibtisch/Projects/apitests/citrus/citrus-samples/target/test-classes:/home/schmids/Schreibtisch/Projects/apitests/citrus/citrus-samples/target/citrus-samples-1.0-SNAPSHOT.jar:/home/schmids/.m2/repository/com/consol/citrus/citrus-core/2.8.0/citrus-core-2.8.0.jar:/home/schmids/.m2/repository/com/consol/citrus/model/citrus-model-core/2.8.0/citrus-model-core-2.8.0.jar:/home/schmids/.m2/repository/javax/xml/bind/jaxb-api/2.3.0/jaxb-api-2.3.0.jar:/home/schmids/.m2/repository/com/sun/xml/bind/jaxb-core/2.3.0/jaxb-core-2.3.0.jar:/home/schmids/.m2/repository/com/sun/xml/bind/jaxb-impl/2.3.0/jaxb-impl-2.3.0.jar:/home/schmids/.m2/repository/commons-cli/commons-cli/1.4/commons-cli-1.4.jar:/home/schmids/.m2/repository/commons-codec/commons-codec/1.11/commons-codec-1.11.jar:/home/schmids/.m2/repository/commons-lang/commons-lang/2.6/commons-lang-2.6.jar:/home/schmids/.m2/repository/xalan/xalan/2.7.2/xalan-2.7.2.jar:/home/schmids/.m2/repository/xalan/serializer/2.7.2/serializer-2.7.2.jar:/home/schmids/.m2/repository/xerces/xercesImpl/2.12.0/xercesImpl-2.12.0.jar:/home/schmids/.m2/repository/xml-apis/xml-apis/1.4.01/xml-apis-1.4.01.jar:/home/schmids/.m2/repository/wsdl4j/wsdl4j/1.6.3/wsdl4j-1.6.3.jar:/home/schmids/.m2/repository/net/sf/jtidy/jtidy/r938/jtidy-r938.jar:/home/schmids/.m2/repository/org/hamcrest/hamcrest-core/1.3/hamcrest-core-1.3.jar:/home/schmids/.m2/repository/org/hamcrest/hamcrest-library/1.3/hamcrest-library-1.3.jar:/home/schmids/.m2/repository/org/codehaus/groovy/groovy/2.5.0/groovy-2.5.0.jar:/home/schmids/.m2/repository/org/codehaus/groovy/groovy-xml/2.5.0/groovy-xml-2.5.0.jar:/home/schmids/.m2/repository/org/codehaus/groovy/groovy-json/2.5.0/groovy-json-2.5.0.jar:/home/schmids/.m2/repository/org/codehaus/groovy/groovy-jsr223/2.5.0/groovy-jsr223-2.5.0.jar:/home/schmids/.m2/repository/commons-logging/commons-logging-api/1.1/commons-logging-api-1.1.jar:/home/schmids/.m2/repository/com/fasterxml/jackson/core/jackson-core/2.9.8/jackson-core-2.9.8.jar:/home/schmids/.m2/repository/com/fasterxml/jackson/core/jackson-annotations/2.9.8/jackson-annotations-2.9.8.jar:/home/schmids/.m2/repository/com/fasterxml/jackson/core/jackson-databind/2.9.8/jackson-databind-2.9.8.jar:/home/schmids/.m2/repository/net/minidev/json-smart/2.3/json-smart-2.3.jar:/home/schmids/.m2/repository/net/minidev/accessors-smart/1.2/accessors-smart-1.2.jar:/home/schmids/.m2/repository/org/ow2/asm/asm/5.0.4/asm-5.0.4.jar:/home/schmids/.m2/repository/com/jayway/jsonpath/json-path/2.4.0/json-path-2.4.0.jar:/home/schmids/.m2/repository/com/github/java-json-tools/json-schema-validator/2.2.10/json-schema-validator-2.2.10.jar:/home/schmids/.m2/repository/com/github/java-json-tools/json-schema-core/1.2.10/json-schema-core-1.2.10.jar:/home/schmids/.m2/repository/com/github/java-json-tools/jackson-coreutils/1.9/jackson-coreutils-1.9.jar:/home/schmids/.m2/repository/com/google/guava/guava/16.0.1/guava-16.0.1.jar:/home/schmids/.m2/repository/com/github/fge/msg-simple/1.1/msg-simple-1.1.jar:/home/schmids/.m2/repository/com/github/fge/btf/1.2/btf-1.2.jar:/home/schmids/.m2/repository/com/github/fge/uri-template/0.9/uri-template-0.9.jar:/home/schmids/.m2/repository/org/mozilla/rhino/1.7.7.1/rhino-1.7.7.1.jar:/home/schmids/.m2/repository/javax/mail/mailapi/1.4.3/mailapi-1.4.3.jar:/home/schmids/.m2/repository/joda-time/joda-time/2.9.7/joda-time-2.9.7.jar:/home/schmids/.m2/repository/com/googlecode/libphonenumber/libphonenumber/8.0.0/libphonenumber-8.0.0.jar:/home/schmids/.m2/repository/com/google/code/findbugs/jsr305/3.0.1/jsr305-3.0.1.jar:/home/schmids/.m2/repository/net/sf/jopt-simple/jopt-simple/5.0.3/jopt-simple-5.0.3.jar:/home/schmids/.m2/repository/org/springframework/spring-core/5.0.8.RELEASE/spring-core-5.0.8.RELEASE.jar:/home/schmids/.m2/repository/org/springframework/spring-jcl/5.0.8.RELEASE/spring-jcl-5.0.8.RELEASE.jar:/home/schmids/.m2/repository/org/springframework/spring-context/5.0.8.RELEASE/spring-context-5.0.8.RELEASE.jar:/home/schmids/.m2/repository/org/springframework/spring-expression/5.0.8.RELEASE/spring-expression-5.0.8.RELEASE.jar:/home/schmids/.m2/repository/org/springframework/spring-jdbc/5.0.8.RELEASE/spring-jdbc-5.0.8.RELEASE.jar:/home/schmids/.m2/repository/org/springframework/spring-tx/5.0.8.RELEASE/spring-tx-5.0.8.RELEASE.jar:/home/schmids/.m2/repository/org/springframework/integration/spring-integration-core/5.0.6.RELEASE/spring-integration-core-5.0.6.RELEASE.jar:/home/schmids/.m2/repository/org/springframework/spring-messaging/5.0.7.RELEASE/spring-messaging-5.0.7.RELEASE.jar:/home/schmids/.m2/repository/org/springframework/retry/spring-retry/1.2.2.RELEASE/spring-retry-1.2.2.RELEASE.jar:/home/schmids/.m2/repository/io/projectreactor/reactor-core/3.1.6.RELEASE/reactor-core-3.1.6.RELEASE.jar:/home/schmids/.m2/repository/org/reactivestreams/reactive-streams/1.0.2/reactive-streams-1.0.2.jar:/home/schmids/.m2/repository/org/springframework/ws/spring-xml/3.0.1.RELEASE/spring-xml-3.0.1.RELEASE.jar:/home/schmids/.m2/repository/commons-logging/commons-logging/1.2/commons-logging-1.2.jar:/home/schmids/.m2/repository/org/springframework/spring-oxm/5.0.8.RELEASE/spring-oxm-5.0.8.RELEASE.jar:/home/schmids/.m2/repository/org/springframework/spring-test/5.0.8.RELEASE/spring-test-5.0.8.RELEASE.jar:/home/schmids/.m2/repository/org/javatuples/javatuples/1.2/javatuples-1.2.jar:/home/schmids/.m2/repository/com/consol/citrus/citrus-java-dsl/2.8.0/citrus-java-dsl-2.8.0.jar:/home/schmids/.m2/repository/com/consol/citrus/citrus-jms/2.8.0/citrus-jms-2.8.0.jar:/home/schmids/.m2/repository/com/consol/citrus/model/citrus-model-jms/2.8.0/citrus-model-jms-2.8.0.jar:/home/schmids/.m2/repository/org/springframework/spring-jms/5.0.8.RELEASE/spring-jms-5.0.8.RELEASE.jar:/home/schmids/.m2/repository/javax/jms/javax.jms-api/2.0.1/javax.jms-api-2.0.1.jar:/home/schmids/.m2/repository/com/sun/xml/messaging/saaj/saaj-impl/1.4.0/saaj-impl-1.4.0.jar:/home/schmids/.m2/repository/javax/xml/soap/javax.xml.soap-api/1.4.0/javax.xml.soap-api-1.4.0.jar:/home/schmids/.m2/repository/org/jvnet/mimepull/mimepull/1.9.7/mimepull-1.9.7.jar:/home/schmids/.m2/repository/org/jvnet/staxex/stax-ex/1.7.8/stax-ex-1.7.8.jar:/home/schmids/.m2/repository/javax/xml/stream/stax-api/1.0-2/stax-api-1.0-2.jar:/home/schmids/.m2/repository/org/springframework/ws/spring-ws-core/3.0.1.RELEASE/spring-ws-core-3.0.1.RELEASE.jar:/home/schmids/.m2/repository/org/springframework/spring-webmvc/5.0.8.RELEASE/spring-webmvc-5.0.8.RELEASE.jar:/home/schmids/.m2/repository/com/consol/citrus/citrus-ws/2.8.0/citrus-ws-2.8.0.jar:/home/schmids/.m2/repository/com/consol/citrus/model/citrus-model-ws/2.8.0/citrus-model-ws-2.8.0.jar:/home/schmids/.m2/repository/javax/activation/activation/1.1.1/activation-1.1.1.jar:/home/schmids/.m2/repository/org/eclipse/jetty/jetty-server/9.4.11.v20180605/jetty-server-9.4.11.v20180605.jar:/home/schmids/.m2/repository/javax/servlet/javax.servlet-api/3.1.0/javax.servlet-api-3.1.0.jar:/home/schmids/.m2/repository/org/eclipse/jetty/jetty-http/9.4.11.v20180605/jetty-http-9.4.11.v20180605.jar:/home/schmids/.m2/repository/org/eclipse/jetty/jetty-util/9.4.11.v20180605/jetty-util-9.4.11.v20180605.jar:/home/schmids/.m2/repository/org/eclipse/jetty/jetty-io/9.4.11.v20180605/jetty-io-9.4.11.v20180605.jar:/home/schmids/.m2/repository/org/eclipse/jetty/jetty-servlet/9.4.11.v20180605/jetty-servlet-9.4.11.v20180605.jar:/home/schmids/.m2/repository/org/eclipse/jetty/jetty-security/9.4.11.v20180605/jetty-security-9.4.11.v20180605.jar:/home/schmids/.m2/repository/commons-io/commons-io/2.6/commons-io-2.6.jar:/home/schmids/.m2/repository/org/springframework/spring-beans/5.0.8.RELEASE/spring-beans-5.0.8.RELEASE.jar:/home/schmids/.m2/repository/org/springframework/spring-aop/5.0.8.RELEASE/spring-aop-5.0.8.RELEASE.jar:/home/schmids/.m2/repository/org/springframework/spring-web/5.0.8.RELEASE/spring-web-5.0.8.RELEASE.jar:/home/schmids/.m2/repository/com/consol/citrus/citrus-http/2.8.0/citrus-http-2.8.0.jar:/home/schmids/.m2/repository/com/consol/citrus/model/citrus-model-http/2.8.0/citrus-model-http-2.8.0.jar:/home/schmids/.m2/repository/org/springframework/integration/spring-integration-http/5.0.6.RELEASE/spring-integration-http-5.0.6.RELEASE.jar:/home/schmids/.m2/repository/org/apache/httpcomponents/httpclient/4.5.5/httpclient-4.5.5.jar:/home/schmids/.m2/repository/org/apache/httpcomponents/httpcore/4.4.9/httpcore-4.4.9.jar:/home/schmids/.m2/repository/junit/junit/4.12/junit-4.12.jar:/home/schmids/.m2/repository/org/slf4j/slf4j-api/1.7.25/slf4j-api-1.7.25.jar:/home/schmids/.m2/repository/org/slf4j/jcl-over-slf4j/1.7.25/jcl-over-slf4j-1.7.25.jar:/home/schmids/.m2/repository/org/slf4j/slf4j-log4j12/1.7.25/slf4j-log4j12-1.7.25.jar:/home/schmids/.m2/repository/log4j/log4j/1.2.17/log4j-1.2.17.jar:"/>
    <property name="java.vm.vendor" value="Oracle Corporation"/>
    <property name="sun.arch.data.model" value="64"/>
    <property name="java.vendor.url" value="http://java.oracle.com/"/>
    <property name="user.timezone" value=""/>
    <property name="java.vm.specification.version" value="1.8"/>
    <property name="os.name" value="Linux"/>
    <property name="user.country" value="DE"/>
    <property name="sun.java.launcher" value="SUN_STANDARD"/>
    <property name="sun.boot.library.path" value="/usr/lib/jvm/java-8-openjdk-amd64/jre/lib/amd64"/>
    <property name="sun.java.command" value="/home/schmids/Schreibtisch/Projects/apitests/citrus/citrus-samples/target/surefire/surefirebooter8475965083581986192.jar /home/schmids/Schreibtisch/Projects/apitests/citrus/citrus-samples/target/surefire 2019-05-27T17-44-55_775-jvmRun1 surefire5703477785041064189tmp surefire_07188811454894504158tmp"/>
    <property name="surefire.test.class.path" value="/home/schmids/Schreibtisch/Projects/apitests/citrus/citrus-samples/target/test-classes:/home/schmids/Schreibtisch/Projects/apitests/citrus/citrus-samples/target/citrus-samples-1.0-SNAPSHOT.jar:/home/schmids/.m2/repository/com/consol/citrus/citrus-core/2.8.0/citrus-core-2.8.0.jar:/home/schmids/.m2/repository/com/consol/citrus/model/citrus-model-core/2.8.0/citrus-model-core-2.8.0.jar:/home/schmids/.m2/repository/javax/xml/bind/jaxb-api/2.3.0/jaxb-api-2.3.0.jar:/home/schmids/.m2/repository/com/sun/xml/bind/jaxb-core/2.3.0/jaxb-core-2.3.0.jar:/home/schmids/.m2/repository/com/sun/xml/bind/jaxb-impl/2.3.0/jaxb-impl-2.3.0.jar:/home/schmids/.m2/repository/commons-cli/commons-cli/1.4/commons-cli-1.4.jar:/home/schmids/.m2/repository/commons-codec/commons-codec/1.11/commons-codec-1.11.jar:/home/schmids/.m2/repository/commons-lang/commons-lang/2.6/commons-lang-2.6.jar:/home/schmids/.m2/repository/xalan/xalan/2.7.2/xalan-2.7.2.jar:/home/schmids/.m2/repository/xalan/serializer/2.7.2/serializer-2.7.2.jar:/home/schmids/.m2/repository/xerces/xercesImpl/2.12.0/xercesImpl-2.12.0.jar:/home/schmids/.m2/repository/xml-apis/xml-apis/1.4.01/xml-apis-1.4.01.jar:/home/schmids/.m2/repository/wsdl4j/wsdl4j/1.6.3/wsdl4j-1.6.3.jar:/home/schmids/.m2/repository/net/sf/jtidy/jtidy/r938/jtidy-r938.jar:/home/schmids/.m2/repository/org/hamcrest/hamcrest-core/1.3/hamcrest-core-1.3.jar:/home/schmids/.m2/repository/org/hamcrest/hamcrest-library/1.3/hamcrest-library-1.3.jar:/home/schmids/.m2/repository/org/codehaus/groovy/groovy/2.5.0/groovy-2.5.0.jar:/home/schmids/.m2/repository/org/codehaus/groovy/groovy-xml/2.5.0/groovy-xml-2.5.0.jar:/home/schmids/.m2/repository/org/codehaus/groovy/groovy-json/2.5.0/groovy-json-2.5.0.jar:/home/schmids/.m2/repository/org/codehaus/groovy/groovy-jsr223/2.5.0/groovy-jsr223-2.5.0.jar:/home/schmids/.m2/repository/commons-logging/commons-logging-api/1.1/commons-logging-api-1.1.jar:/home/schmids/.m2/repository/com/fasterxml/jackson/core/jackson-core/2.9.8/jackson-core-2.9.8.jar:/home/schmids/.m2/repository/com/fasterxml/jackson/core/jackson-annotations/2.9.8/jackson-annotations-2.9.8.jar:/home/schmids/.m2/repository/com/fasterxml/jackson/core/jackson-databind/2.9.8/jackson-databind-2.9.8.jar:/home/schmids/.m2/repository/net/minidev/json-smart/2.3/json-smart-2.3.jar:/home/schmids/.m2/repository/net/minidev/accessors-smart/1.2/accessors-smart-1.2.jar:/home/schmids/.m2/repository/org/ow2/asm/asm/5.0.4/asm-5.0.4.jar:/home/schmids/.m2/repository/com/jayway/jsonpath/json-path/2.4.0/json-path-2.4.0.jar:/home/schmids/.m2/repository/com/github/java-json-tools/json-schema-validator/2.2.10/json-schema-validator-2.2.10.jar:/home/schmids/.m2/repository/com/github/java-json-tools/json-schema-core/1.2.10/json-schema-core-1.2.10.jar:/home/schmids/.m2/repository/com/github/java-json-tools/jackson-coreutils/1.9/jackson-coreutils-1.9.jar:/home/schmids/.m2/repository/com/google/guava/guava/16.0.1/guava-16.0.1.jar:/home/schmids/.m2/repository/com/github/fge/msg-simple/1.1/msg-simple-1.1.jar:/home/schmids/.m2/repository/com/github/fge/btf/1.2/btf-1.2.jar:/home/schmids/.m2/repository/com/github/fge/uri-template/0.9/uri-template-0.9.jar:/home/schmids/.m2/repository/org/mozilla/rhino/1.7.7.1/rhino-1.7.7.1.jar:/home/schmids/.m2/repository/javax/mail/mailapi/1.4.3/mailapi-1.4.3.jar:/home/schmids/.m2/repository/joda-time/joda-time/2.9.7/joda-time-2.9.7.jar:/home/schmids/.m2/repository/com/googlecode/libphonenumber/libphonenumber/8.0.0/libphonenumber-8.0.0.jar:/home/schmids/.m2/repository/com/google/code/findbugs/jsr305/3.0.1/jsr305-3.0.1.jar:/home/schmids/.m2/repository/net/sf/jopt-simple/jopt-simple/5.0.3/jopt-simple-5.0.3.jar:/home/schmids/.m2/repository/org/springframework/spring-core/5.0.8.RELEASE/spring-core-5.0.8.RELEASE.jar:/home/schmids/.m2/repository/org/springframework/spring-jcl/5.0.8.RELEASE/spring-jcl-5.0.8.RELEASE.jar:/home/schmids/.m2/repository/org/springframework/spring-context/5.0.8.RELEASE/spring-context-5.0.8.RELEASE.jar:/home/schmids/.m2/repository/org/springframework/spring-expression/5.0.8.RELEASE/spring-expression-5.0.8.RELEASE.jar:/home/schmids/.m2/repository/org/springframework/spring-jdbc/5.0.8.RELEASE/spring-jdbc-5.0.8.RELEASE.jar:/home/schmids/.m2/repository/org/springframework/spring-tx/5.0.8.RELEASE/spring-tx-5.0.8.RELEASE.jar:/home/schmids/.m2/repository/org/springframework/integration/spring-integration-core/5.0.6.RELEASE/spring-integration-core-5.0.6.RELEASE.jar:/home/schmids/.m2/repository/org/springframework/spring-messaging/5.0.7.RELEASE/spring-messaging-5.0.7.RELEASE.jar:/home/schmids/.m2/repository/org/springframework/retry/spring-retry/1.2.2.RELEASE/spring-retry-1.2.2.RELEASE.jar:/home/schmids/.m2/repository/io/projectreactor/reactor-core/3.1.6.RELEASE/reactor-core-3.1.6.RELEASE.jar:/home/schmids/.m2/repository/org/reactivestreams/reactive-streams/1.0.2/reactive-streams-1.0.2.jar:/home/schmids/.m2/repository/org/springframework/ws/spring-xml/3.0.1.RELEASE/spring-xml-3.0.1.RELEASE.jar:/home/schmids/.m2/repository/commons-logging/commons-logging/1.2/commons-logging-1.2.jar:/home/schmids/.m2/repository/org/springframework/spring-oxm/5.0.8.RELEASE/spring-oxm-5.0.8.RELEASE.jar:/home/schmids/.m2/repository/org/springframework/spring-test/5.0.8.RELEASE/spring-test-5.0.8.RELEASE.jar:/home/schmids/.m2/repository/org/javatuples/javatuples/1.2/javatuples-1.2.jar:/home/schmids/.m2/repository/com/consol/citrus/citrus-java-dsl/2.8.0/citrus-java-dsl-2.8.0.jar:/home/schmids/.m2/repository/com/consol/citrus/citrus-jms/2.8.0/citrus-jms-2.8.0.jar:/home/schmids/.m2/repository/com/consol/citrus/model/citrus-model-jms/2.8.0/citrus-model-jms-2.8.0.jar:/home/schmids/.m2/repository/org/springframework/spring-jms/5.0.8.RELEASE/spring-jms-5.0.8.RELEASE.jar:/home/schmids/.m2/repository/javax/jms/javax.jms-api/2.0.1/javax.jms-api-2.0.1.jar:/home/schmids/.m2/repository/com/sun/xml/messaging/saaj/saaj-impl/1.4.0/saaj-impl-1.4.0.jar:/home/schmids/.m2/repository/javax/xml/soap/javax.xml.soap-api/1.4.0/javax.xml.soap-api-1.4.0.jar:/home/schmids/.m2/repository/org/jvnet/mimepull/mimepull/1.9.7/mimepull-1.9.7.jar:/home/schmids/.m2/repository/org/jvnet/staxex/stax-ex/1.7.8/stax-ex-1.7.8.jar:/home/schmids/.m2/repository/javax/xml/stream/stax-api/1.0-2/stax-api-1.0-2.jar:/home/schmids/.m2/repository/org/springframework/ws/spring-ws-core/3.0.1.RELEASE/spring-ws-core-3.0.1.RELEASE.jar:/home/schmids/.m2/repository/org/springframework/spring-webmvc/5.0.8.RELEASE/spring-webmvc-5.0.8.RELEASE.jar:/home/schmids/.m2/repository/com/consol/citrus/citrus-ws/2.8.0/citrus-ws-2.8.0.jar:/home/schmids/.m2/repository/com/consol/citrus/model/citrus-model-ws/2.8.0/citrus-model-ws-2.8.0.jar:/home/schmids/.m2/repository/javax/activation/activation/1.1.1/activation-1.1.1.jar:/home/schmids/.m2/repository/org/eclipse/jetty/jetty-server/9.4.11.v20180605/jetty-server-9.4.11.v20180605.jar:/home/schmids/.m2/repository/javax/servlet/javax.servlet-api/3.1.0/javax.servlet-api-3.1.0.jar:/home/schmids/.m2/repository/org/eclipse/jetty/jetty-http/9.4.11.v20180605/jetty-http-9.4.11.v20180605.jar:/home/schmids/.m2/repository/org/eclipse/jetty/jetty-util/9.4.11.v20180605/jetty-util-9.4.11.v20180605.jar:/home/schmids/.m2/repository/org/eclipse/jetty/jetty-io/9.4.11.v20180605/jetty-io-9.4.11.v20180605.jar:/home/schmids/.m2/repository/org/eclipse/jetty/jetty-servlet/9.4.11.v20180605/jetty-servlet-9.4.11.v20180605.jar:/home/schmids/.m2/repository/org/eclipse/jetty/jetty-security/9.4.11.v20180605/jetty-security-9.4.11.v20180605.jar:/home/schmids/.m2/repository/commons-io/commons-io/2.6/commons-io-2.6.jar:/home/schmids/.m2/repository/org/springframework/spring-beans/5.0.8.RELEASE/spring-beans-5.0.8.RELEASE.jar:/home/schmids/.m2/repository/org/springframework/spring-aop/5.0.8.RELEASE/spring-aop-5.0.8.RELEASE.jar:/home/schmids/.m2/repository/org/springframework/spring-web/5.0.8.RELEASE/spring-web-5.0.8.RELEASE.jar:/home/schmids/.m2/repository/com/consol/citrus/citrus-http/2.8.0/citrus-http-2.8.0.jar:/home/schmids/.m2/repository/com/consol/citrus/model/citrus-model-http/2.8.0/citrus-model-http-2.8.0.jar:/home/schmids/.m2/repository/org/springframework/integration/spring-integration-http/5.0.6.RELEASE/spring-integration-http-5.0.6.RELEASE.jar:/home/schmids/.m2/repository/org/apache/httpcomponents/httpclient/4.5.5/httpclient-4.5.5.jar:/home/schmids/.m2/repository/org/apache/httpcomponents/httpcore/4.4.9/httpcore-4.4.9.jar:/home/schmids/.m2/repository/junit/junit/4.12/junit-4.12.jar:/home/schmids/.m2/repository/org/slf4j/slf4j-api/1.7.25/slf4j-api-1.7.25.jar:/home/schmids/.m2/repository/org/slf4j/jcl-over-slf4j/1.7.25/jcl-over-slf4j-1.7.25.jar:/home/schmids/.m2/repository/org/slf4j/slf4j-log4j12/1.7.25/slf4j-log4j12-1.7.25.jar:/home/schmids/.m2/repository/log4j/log4j/1.2.17/log4j-1.2.17.jar:"/>
    <property name="sun.cpu.endian" value="little"/>
    <property name="user.home" value="/home/schmids"/>
    <property name="user.language" value="de"/>
    <property name="java.specification.vendor" value="Oracle Corporation"/>
    <property name="java.home" value="/usr/lib/jvm/java-8-openjdk-amd64/jre"/>
    <property name="basedir" value="/home/schmids/Schreibtisch/Projects/apitests/citrus/citrus-samples"/>
    <property name="file.separator" value="/"/>
    <property name="line.separator" value="&#10;"/>
    <property name="java.vm.specification.vendor" value="Oracle Corporation"/>
    <property name="java.specification.name" value="Java Platform API Specification"/>
    <property name="java.awt.graphicsenv" value="sun.awt.X11GraphicsEnvironment"/>
    <property name="surefire.real.class.path" value="/home/schmids/Schreibtisch/Projects/apitests/citrus/citrus-samples/target/surefire/surefirebooter8475965083581986192.jar"/>
    <property name="sun.boot.class.path" value="/usr/lib/jvm/java-8-openjdk-amd64/jre/lib/resources.jar:/usr/lib/jvm/java-8-openjdk-amd64/jre/lib/rt.jar:/usr/lib/jvm/java-8-openjdk-amd64/jre/lib/sunrsasign.jar:/usr/lib/jvm/java-8-openjdk-amd64/jre/lib/jsse.jar:/usr/lib/jvm/java-8-openjdk-amd64/jre/lib/jce.jar:/usr/lib/jvm/java-8-openjdk-amd64/jre/lib/charsets.jar:/usr/lib/jvm/java-8-openjdk-amd64/jre/lib/jfr.jar:/usr/lib/jvm/java-8-openjdk-amd64/jre/classes"/>
    <property name="sun.management.compiler" value="HotSpot 64-Bit Tiered Compilers"/>
    <property name="java.runtime.version" value="1.8.0_212-8u212-b03-0ubuntu1.16.04.1-b03"/>
    <property name="user.name" value="schmids"/>
    <property name="path.separator" value=":"/>
    <property name="os.version" value="4.15.0-43-generic"/>
    <property name="java.endorsed.dirs" value="/usr/lib/jvm/java-8-openjdk-amd64/jre/lib/endorsed"/>
    <property name="java.runtime.name" value="OpenJDK Runtime Environment"/>
    <property name="file.encoding" value="UTF-8"/>
    <property name="java.vm.name" value="OpenJDK 64-Bit Server VM"/>
    <property name="localRepository" value="/home/schmids/.m2/repository"/>
    <property name="java.vendor.url.bug" value="http://bugreport.sun.com/bugreport/"/>
    <property name="java.io.tmpdir" value="/tmp"/>
    <property name="java.version" value="1.8.0_212"/>
    <property name="user.dir" value="/home/schmids/Schreibtisch/Projects/apitests/citrus/citrus-samples"/>
    <property name="os.arch" value="amd64"/>
    <property name="java.vm.specification.name" value="Java Virtual Machine Specification"/>
    <property name="java.awt.printerjob" value="sun.print.PSPrinterJob"/>
    <property name="sun.os.patch.level" value="unknown"/>
    <property name="java.library.path" value="/usr/java/packages/lib/amd64:/usr/lib/x86_64-linux-gnu/jni:/lib/x86_64-linux-gnu:/usr/lib/x86_64-linux-gnu:/usr/lib/jni:/lib:/usr/lib"/>
    <property name="java.vm.info" value="mixed mode"/>
    <property name="java.vendor" value="Oracle Corporation"/>
    <property name="java.vm.version" value="25.212-b03"/>
    <property name="java.ext.dirs" value="/usr/lib/jvm/java-8-openjdk-amd64/jre/lib/ext:/usr/java/packages/lib/ext"/>
    <property name="sun.io.unicode.encoding" value="UnicodeLittle"/>
    <property name="java.class.version" value="52.0"/>
  </properties>
  <testcase name="testGet" classname="de.muenchen.citrus.samples.apitest.SampleApiTestIT" time="0.442">
    <error message="Failed to parse JSON text" type="com.consol.citrus.exceptions.TestCaseFailedException">com.consol.citrus.exceptions.TestCaseFailedException: Failed to parse JSON text
	at de.muenchen.citrus.samples.apitest.SampleApiTestIT.testGet(SampleApiTestIT.java:27)
Caused by: com.consol.citrus.exceptions.CitrusRuntimeException: Failed to parse JSON text
	at de.muenchen.citrus.samples.apitest.SampleApiTestIT.testGet(SampleApiTestIT.java:27)
Caused by: net.minidev.json.parser.ParseException: Unexpected token @ignore@ at position 14.
	at de.muenchen.citrus.samples.apitest.SampleApiTestIT.testGet(SampleApiTestIT.java:27)
</error>
    <system-out><![CDATA[17:44:57,530 DEBUG t.TestContextFactory| Created new test context - using global variables: '{project.name=Citrus Integration Tests}'
17:44:57,530 INFO  port.LoggingReporter| 
17:44:57,531 INFO  port.LoggingReporter| ------------------------------------------------------------------------
17:44:57,531 DEBUG port.LoggingReporter| STARTING TEST SampleApiTestIT.testGet <de.muenchen.citrus.samples.apitest>
17:44:57,531 INFO  port.LoggingReporter| 
17:44:57,531 DEBUG      citrus.TestCase| Initializing test case
17:44:57,532 DEBUG      citrus.TestCase| Global variables:
17:44:57,532 DEBUG      citrus.TestCase| project.name = Citrus Integration Tests
17:44:57,532 DEBUG  context.TestContext| Setting variable: citrus.test.name with value: 'SampleApiTestIT.testGet'
17:44:57,534 DEBUG  context.TestContext| Setting variable: citrus.test.package with value: 'de.muenchen.citrus.samples.apitest'
17:44:57,534 DEBUG      citrus.TestCase| Test variables:
17:44:57,535 DEBUG      citrus.TestCase| citrus.test.package = de.muenchen.citrus.samples.apitest
17:44:57,535 DEBUG      citrus.TestCase| citrus.test.name = SampleApiTestIT.testGet
17:44:57,535 DEBUG      citrus.TestCase| project.name = Citrus Integration Tests
17:44:57,559 INFO  port.LoggingReporter| 
17:44:57,560 DEBUG port.LoggingReporter| TEST STEP 1: send
17:44:57,814 DEBUG ltCorrelationManager| Saving correlation key for 'citrus_message_correlator_sutClient'
17:44:57,814 DEBUG  context.TestContext| Setting variable: citrus_message_correlator_sutClient with value: 'citrus_message_id = '4abb44f9-9755-4b48-895b-dfd30cdb3a2a''
17:44:57,814 DEBUG    client.HttpClient| Sending HTTP message to: 'http://localhost:8082/greeting'
17:44:57,814 DEBUG    client.HttpClient| Message to send:

17:44:57,828 DEBUG ingClientInterceptor| Sending Http request message
17:44:57,828 DEBUG   Logger.Message_OUT| GET http://localhost:8082/greeting
Accept:*/*
Content-Type:text/plain;charset=UTF-8
Content-Length:0


17:44:57,848 DEBUG ol.RequestAddCookies| CookieSpec selected: default
17:44:57,860 DEBUG col.RequestAuthCache| Auth cache not set in the context
17:44:57,861 DEBUG entConnectionManager| Connection request: [route: {}->http://localhost:8082][total kept alive: 0; route allocated: 0 of 5; total allocated: 0 of 10]
17:44:57,872 DEBUG entConnectionManager| Connection leased: [id: 0][route: {}->http://localhost:8082][total kept alive: 0; route allocated: 1 of 5; total allocated: 1 of 10]
17:44:57,873 DEBUG chain.MainClientExec| Opening connection {}->http://localhost:8082
17:44:57,878 DEBUG ntConnectionOperator| Connecting to localhost/127.0.0.1:8082
17:44:57,879 DEBUG ntConnectionOperator| Connection established 127.0.0.1:50024<->127.0.0.1:8082
17:44:57,879 DEBUG chain.MainClientExec| Executing request GET /greeting HTTP/1.1
17:44:57,880 DEBUG chain.MainClientExec| Target auth state: UNCHALLENGED
17:44:57,880 DEBUG chain.MainClientExec| Proxy auth state: UNCHALLENGED
17:44:57,882 DEBUG         http.headers| http-outgoing-0 >> GET /greeting HTTP/1.1
17:44:57,883 DEBUG         http.headers| http-outgoing-0 >> Accept: */*
17:44:57,883 DEBUG         http.headers| http-outgoing-0 >> Content-Type: text/plain;charset=UTF-8
17:44:57,884 DEBUG         http.headers| http-outgoing-0 >> Host: localhost:8082
17:44:57,884 DEBUG         http.headers| http-outgoing-0 >> Connection: Keep-Alive
17:44:57,884 DEBUG         http.headers| http-outgoing-0 >> User-Agent: Apache-HttpClient/4.5.5 (Java/1.8.0_212)
17:44:57,884 DEBUG         http.headers| http-outgoing-0 >> Accept-Encoding: gzip,deflate
17:44:57,885 DEBUG            http.wire| http-outgoing-0 >> "GET /greeting HTTP/1.1[\r][\n]"
17:44:57,886 DEBUG            http.wire| http-outgoing-0 >> "Accept: */*[\r][\n]"
17:44:57,886 DEBUG            http.wire| http-outgoing-0 >> "Content-Type: text/plain;charset=UTF-8[\r][\n]"
17:44:57,886 DEBUG            http.wire| http-outgoing-0 >> "Host: localhost:8082[\r][\n]"
17:44:57,887 DEBUG            http.wire| http-outgoing-0 >> "Connection: Keep-Alive[\r][\n]"
17:44:57,887 DEBUG            http.wire| http-outgoing-0 >> "User-Agent: Apache-HttpClient/4.5.5 (Java/1.8.0_212)[\r][\n]"
17:44:57,887 DEBUG            http.wire| http-outgoing-0 >> "Accept-Encoding: gzip,deflate[\r][\n]"
17:44:57,887 DEBUG            http.wire| http-outgoing-0 >> "[\r][\n]"
17:44:57,892 DEBUG            http.wire| http-outgoing-0 << "HTTP/1.1 200 [\r][\n]"
17:44:57,892 DEBUG            http.wire| http-outgoing-0 << "Content-Type: application/json;charset=UTF-8[\r][\n]"
17:44:57,892 DEBUG            http.wire| http-outgoing-0 << "Transfer-Encoding: chunked[\r][\n]"
17:44:57,892 DEBUG            http.wire| http-outgoing-0 << "Date: Mon, 27 May 2019 15:44:57 GMT[\r][\n]"
17:44:57,892 DEBUG            http.wire| http-outgoing-0 << "[\r][\n]"
17:44:57,893 DEBUG            http.wire| http-outgoing-0 << "23[\r][\n]"
17:44:57,893 DEBUG            http.wire| http-outgoing-0 << "{"id":37,"content":"Hello, World!"}[\r][\n]"
17:44:57,893 DEBUG            http.wire| http-outgoing-0 << "0[\r][\n]"
17:44:57,893 DEBUG            http.wire| http-outgoing-0 << "[\r][\n]"
17:44:57,897 DEBUG         http.headers| http-outgoing-0 << HTTP/1.1 200 
17:44:57,897 DEBUG         http.headers| http-outgoing-0 << Content-Type: application/json;charset=UTF-8
17:44:57,897 DEBUG         http.headers| http-outgoing-0 << Transfer-Encoding: chunked
17:44:57,897 DEBUG         http.headers| http-outgoing-0 << Date: Mon, 27 May 2019 15:44:57 GMT
17:44:57,907 DEBUG chain.MainClientExec| Connection can be kept alive indefinitely
17:44:57,912 DEBUG entConnectionManager| Connection [id: 0][route: {}->http://localhost:8082] can be kept alive indefinitely
17:44:57,912 DEBUG HttpClientConnection| http-outgoing-0: set socket timeout to 0
17:44:57,913 DEBUG entConnectionManager| Connection released: [id: 0][route: {}->http://localhost:8082][total kept alive: 1; route allocated: 1 of 5; total allocated: 1 of 10]
17:44:57,914 DEBUG ingClientInterceptor| Received Http response message
17:44:57,914 DEBUG    Logger.Message_IN| HTTP/1.1 200 
Content-Type:application/json;charset=UTF-8
Transfer-Encoding:chunked
Date:Mon, 27 May 2019 15:44:57 GMT

{"id":37,"content":"Hello, World!"}
17:44:57,919 INFO     client.HttpClient| HTTP message was sent to endpoint: 'http://localhost:8082/greeting'
17:44:57,931 DEBUG ltCorrelationManager| Saving correlated object for 'citrus_message_id = '4abb44f9-9755-4b48-895b-dfd30cdb3a2a''
17:44:57,932 INFO  port.LoggingReporter| 
17:44:57,932 DEBUG port.LoggingReporter| TEST STEP 1 SUCCESS
17:44:57,936 INFO  port.LoggingReporter| 
17:44:57,936 DEBUG port.LoggingReporter| TEST STEP 2: receive
17:44:57,937 DEBUG ngCorrelationManager| Get correlation key for 'citrus_message_correlator_sutClient'
17:44:57,937 DEBUG ltCorrelationManager| Finding correlated object for 'citrus_message_id = '4abb44f9-9755-4b48-895b-dfd30cdb3a2a''
17:44:57,940 DEBUG ageValidatorRegistry| Found 4 message validators for message type: JSON
17:44:57,941 DEBUG TextMessageValidator| Start JSON message validation ...
17:44:57,941 DEBUG TextMessageValidator| Received message:
HTTPMESSAGE [id: 23fb57fe-8cf2-4952-8d8e-ec27ca4feb19, payload: {"id":37,"content":"Hello, World!"}][headers: {Transfer-Encoding=chunked, contentType=application/json;charset=UTF-8, Date=1558971897000, citrus_message_id=23fb57fe-8cf2-4952-8d8e-ec27ca4feb19, citrus_message_timestamp=1558971897931, Content-Type=application/json;charset=UTF-8, citrus_http_status_code=200, citrus_http_reason_phrase=OK, citrus_http_version=HTTP/1.1}]
17:44:57,942 DEBUG TextMessageValidator| Control message:
HTTPMESSAGE [id: bcec56c9-26e0-4e40-827c-e65ac66a283a, payload: {"id":@ignore@,"content":"Hello, World!"}][headers: {citrus_message_id=bcec56c9-26e0-4e40-827c-e65ac66a283a, citrus_message_timestamp=1558971897935, citrus_http_status_code=200, citrus_http_reason_phrase=OK, citrus_message_type=JSON}]
17:44:58,002 INFO  port.LoggingReporter| 
17:44:58,003 ERROR port.LoggingReporter| TEST FAILED SampleApiTestIT.testGet <de.muenchen.citrus.samples.apitest> Nested exception is: 
com.consol.citrus.exceptions.TestCaseFailedException: Failed to parse JSON text
	at com.consol.citrus.TestCase.executeAction(TestCase.java:227)
	at com.consol.citrus.dsl.runner.DefaultTestRunner.run(DefaultTestRunner.java:188)
	at com.consol.citrus.dsl.runner.DefaultTestRunner.http(DefaultTestRunner.java:540)
	at com.consol.citrus.dsl.junit.JUnit4CitrusTestRunner.http(JUnit4CitrusTestRunner.java:376)
	at de.muenchen.citrus.samples.apitest.SampleApiTestIT.testGet(SampleApiTestIT.java:27)
	at sun.reflect.NativeMethodAccessorImpl.invoke0(Native Method)
	at sun.reflect.NativeMethodAccessorImpl.invoke(NativeMethodAccessorImpl.java:62)
	at sun.reflect.DelegatingMethodAccessorImpl.invoke(DelegatingMethodAccessorImpl.java:43)
	at java.lang.reflect.Method.invoke(Method.java:498)
	at org.springframework.util.ReflectionUtils.invokeMethod(ReflectionUtils.java:223)
	at com.consol.citrus.dsl.junit.JUnit4CitrusTest.invokeTestMethod(JUnit4CitrusTest.java:99)
	at com.consol.citrus.dsl.junit.JUnit4CitrusTest.run(JUnit4CitrusTest.java:70)
	at com.consol.citrus.junit.CitrusJUnit4Runner$InvokeRunMethod.evaluate(CitrusJUnit4Runner.java:217)
	at org.springframework.test.context.junit4.statements.RunBeforeTestExecutionCallbacks.evaluate(RunBeforeTestExecutionCallbacks.java:73)
	at org.springframework.test.context.junit4.statements.RunAfterTestExecutionCallbacks.evaluate(RunAfterTestExecutionCallbacks.java:83)
	at org.springframework.test.context.junit4.statements.RunBeforeTestMethodCallbacks.evaluate(RunBeforeTestMethodCallbacks.java:75)
	at org.springframework.test.context.junit4.statements.RunAfterTestMethodCallbacks.evaluate(RunAfterTestMethodCallbacks.java:86)
	at org.springframework.test.context.junit4.statements.SpringRepeat.evaluate(SpringRepeat.java:84)
	at org.junit.runners.ParentRunner.runLeaf(ParentRunner.java:325)
	at org.springframework.test.context.junit4.SpringJUnit4ClassRunner.runChild(SpringJUnit4ClassRunner.java:251)
	at org.springframework.test.context.junit4.SpringJUnit4ClassRunner.runChild(SpringJUnit4ClassRunner.java:97)
	at org.junit.runners.ParentRunner$3.run(ParentRunner.java:290)
	at org.junit.runners.ParentRunner$1.schedule(ParentRunner.java:71)
	at org.junit.runners.ParentRunner.runChildren(ParentRunner.java:288)
	at org.junit.runners.ParentRunner.access$000(ParentRunner.java:58)
	at org.junit.runners.ParentRunner$2.evaluate(ParentRunner.java:268)
	at org.springframework.test.context.junit4.statements.RunBeforeTestClassCallbacks.evaluate(RunBeforeTestClassCallbacks.java:61)
	at org.springframework.test.context.junit4.statements.RunAfterTestClassCallbacks.evaluate(RunAfterTestClassCallbacks.java:70)
	at org.junit.runners.ParentRunner.run(ParentRunner.java:363)
	at org.springframework.test.context.junit4.SpringJUnit4ClassRunner.run(SpringJUnit4ClassRunner.java:190)
	at org.apache.maven.surefire.junit4.JUnit4Provider.execute(JUnit4Provider.java:365)
	at org.apache.maven.surefire.junit4.JUnit4Provider.executeWithRerun(JUnit4Provider.java:273)
	at org.apache.maven.surefire.junit4.JUnit4Provider.executeTestSet(JUnit4Provider.java:238)
	at org.apache.maven.surefire.junit4.JUnit4Provider.invoke(JUnit4Provider.java:159)
	at org.apache.maven.surefire.booter.ForkedBooter.invokeProviderInSameClassLoader(ForkedBooter.java:383)
	at org.apache.maven.surefire.booter.ForkedBooter.runSuitesInProcess(ForkedBooter.java:344)
	at org.apache.maven.surefire.booter.ForkedBooter.execute(ForkedBooter.java:125)
	at org.apache.maven.surefire.booter.ForkedBooter.main(ForkedBooter.java:417)
Caused by: com.consol.citrus.exceptions.CitrusRuntimeException: Failed to parse JSON text
	at com.consol.citrus.validation.json.JsonTextMessageValidator.validateMessage(JsonTextMessageValidator.java:129)
	at com.consol.citrus.validation.json.JsonTextMessageValidator.validateMessage(JsonTextMessageValidator.java:62)
	at com.consol.citrus.validation.AbstractMessageValidator.validateMessage(AbstractMessageValidator.java:46)
	at com.consol.citrus.actions.ReceiveMessageAction.validateMessage(ReceiveMessageAction.java:231)
	at com.consol.citrus.actions.ReceiveMessageAction.doExecute(ReceiveMessageAction.java:128)
	at com.consol.citrus.actions.AbstractTestAction.execute(AbstractTestAction.java:42)
	at com.consol.citrus.dsl.actions.DelegatingTestAction.doExecute(DelegatingTestAction.java:54)
	at com.consol.citrus.actions.AbstractTestAction.execute(AbstractTestAction.java:42)
	at com.consol.citrus.TestCase.executeAction(TestCase.java:220)
	... 37 more
Caused by: net.minidev.json.parser.ParseException: Unexpected token @ignore@ at position 14.
	at net.minidev.json.parser.JSONParserBase.readMain(JSONParserBase.java:477)
	at net.minidev.json.parser.JSONParserBase.readObject(JSONParserBase.java:546)
	at net.minidev.json.parser.JSONParserBase.readFirst(JSONParserBase.java:301)
	at net.minidev.json.parser.JSONParserBase.parse(JSONParserBase.java:158)
	at net.minidev.json.parser.JSONParserString.parse(JSONParserString.java:58)
	at net.minidev.json.parser.JSONParserString.parse(JSONParserString.java:39)
	at net.minidev.json.parser.JSONParser.parse(JSONParser.java:263)
	at com.consol.citrus.validation.json.JsonTextMessageValidator.validateMessage(JsonTextMessageValidator.java:113)
	... 45 more
17:44:58,006 INFO  port.LoggingReporter| ------------------------------------------------------------------------
17:44:58,006 INFO  port.LoggingReporter| 
]]></system-out>
  </testcase>
</testsuite>