<?xml version="1.0" encoding="UTF-8"?>
<testsuite xmlns:xsi="http://www.w3.org/2001/XMLSchema-instance" xsi:noNamespaceSchemaLocation="https://maven.apache.org/surefire/maven-failsafe-plugin/xsd/failsafe-test-report.xsd" name="de.muenchen.citrus.samples.apitest.TodoListIT" time="1.213" tests="1" errors="0" skipped="0" failures="0">
  <properties>
    <property name="sun.desktop" value="gnome"/>
    <property name="awt.toolkit" value="sun.awt.X11.XToolkit"/>
    <property name="file.encoding.pkg" value="sun.io"/>
    <property name="java.specification.version" value="1.8"/>
    <property name="sun.cpu.isalist" value=""/>
    <property name="sun.jnu.encoding" value="UTF-8"/>
    <property name="java.class.path" value="/home/schmids/Schreibtisch/Projects/apitests/citrus/citrus-samples/target/test-classes:/home/schmids/Schreibtisch/Projects/apitests/citrus/citrus-samples/target/citrus-samples-1.0-SNAPSHOT.jar:/home/schmids/.m2/repository/com/consol/citrus/citrus-core/2.8.0/citrus-core-2.8.0.jar:/home/schmids/.m2/repository/com/consol/citrus/model/citrus-model-core/2.8.0/citrus-model-core-2.8.0.jar:/home/schmids/.m2/repository/javax/xml/bind/jaxb-api/2.3.0/jaxb-api-2.3.0.jar:/home/schmids/.m2/repository/com/sun/xml/bind/jaxb-core/2.3.0/jaxb-core-2.3.0.jar:/home/schmids/.m2/repository/com/sun/xml/bind/jaxb-impl/2.3.0/jaxb-impl-2.3.0.jar:/home/schmids/.m2/repository/commons-cli/commons-cli/1.4/commons-cli-1.4.jar:/home/schmids/.m2/repository/commons-codec/commons-codec/1.11/commons-codec-1.11.jar:/home/schmids/.m2/repository/commons-lang/commons-lang/2.6/commons-lang-2.6.jar:/home/schmids/.m2/repository/xalan/xalan/2.7.2/xalan-2.7.2.jar:/home/schmids/.m2/repository/xalan/serializer/2.7.2/serializer-2.7.2.jar:/home/schmids/.m2/repository/xerces/xercesImpl/2.12.0/xercesImpl-2.12.0.jar:/home/schmids/.m2/repository/xml-apis/xml-apis/1.4.01/xml-apis-1.4.01.jar:/home/schmids/.m2/repository/wsdl4j/wsdl4j/1.6.3/wsdl4j-1.6.3.jar:/home/schmids/.m2/repository/net/sf/jtidy/jtidy/r938/jtidy-r938.jar:/home/schmids/.m2/repository/org/hamcrest/hamcrest-core/1.3/hamcrest-core-1.3.jar:/home/schmids/.m2/repository/org/hamcrest/hamcrest-library/1.3/hamcrest-library-1.3.jar:/home/schmids/.m2/repository/org/codehaus/groovy/groovy/2.5.0/groovy-2.5.0.jar:/home/schmids/.m2/repository/org/codehaus/groovy/groovy-xml/2.5.0/groovy-xml-2.5.0.jar:/home/schmids/.m2/repository/org/codehaus/groovy/groovy-json/2.5.0/groovy-json-2.5.0.jar:/home/schmids/.m2/repository/org/codehaus/groovy/groovy-jsr223/2.5.0/groovy-jsr223-2.5.0.jar:/home/schmids/.m2/repository/commons-logging/commons-logging-api/1.1/commons-logging-api-1.1.jar:/home/schmids/.m2/repository/com/fasterxml/jackson/core/jackson-core/2.9.8/jackson-core-2.9.8.jar:/home/schmids/.m2/repository/com/fasterxml/jackson/core/jackson-annotations/2.9.8/jackson-annotations-2.9.8.jar:/home/schmids/.m2/repository/com/fasterxml/jackson/core/jackson-databind/2.9.8/jackson-databind-2.9.8.jar:/home/schmids/.m2/repository/net/minidev/json-smart/2.3/json-smart-2.3.jar:/home/schmids/.m2/repository/net/minidev/accessors-smart/1.2/accessors-smart-1.2.jar:/home/schmids/.m2/repository/org/ow2/asm/asm/5.0.4/asm-5.0.4.jar:/home/schmids/.m2/repository/com/jayway/jsonpath/json-path/2.4.0/json-path-2.4.0.jar:/home/schmids/.m2/repository/com/github/java-json-tools/json-schema-validator/2.2.10/json-schema-validator-2.2.10.jar:/home/schmids/.m2/repository/com/github/java-json-tools/json-schema-core/1.2.10/json-schema-core-1.2.10.jar:/home/schmids/.m2/repository/com/github/java-json-tools/jackson-coreutils/1.9/jackson-coreutils-1.9.jar:/home/schmids/.m2/repository/com/google/guava/guava/16.0.1/guava-16.0.1.jar:/home/schmids/.m2/repository/com/github/fge/msg-simple/1.1/msg-simple-1.1.jar:/home/schmids/.m2/repository/com/github/fge/btf/1.2/btf-1.2.jar:/home/schmids/.m2/repository/com/github/fge/uri-template/0.9/uri-template-0.9.jar:/home/schmids/.m2/repository/org/mozilla/rhino/1.7.7.1/rhino-1.7.7.1.jar:/home/schmids/.m2/repository/javax/mail/mailapi/1.4.3/mailapi-1.4.3.jar:/home/schmids/.m2/repository/joda-time/joda-time/2.9.7/joda-time-2.9.7.jar:/home/schmids/.m2/repository/com/googlecode/libphonenumber/libphonenumber/8.0.0/libphonenumber-8.0.0.jar:/home/schmids/.m2/repository/com/google/code/findbugs/jsr305/3.0.1/jsr305-3.0.1.jar:/home/schmids/.m2/repository/net/sf/jopt-simple/jopt-simple/5.0.3/jopt-simple-5.0.3.jar:/home/schmids/.m2/repository/org/springframework/spring-core/5.0.8.RELEASE/spring-core-5.0.8.RELEASE.jar:/home/schmids/.m2/repository/org/springframework/spring-jcl/5.0.8.RELEASE/spring-jcl-5.0.8.RELEASE.jar:/home/schmids/.m2/repository/org/springframework/spring-context/5.0.8.RELEASE/spring-context-5.0.8.RELEASE.jar:/home/schmids/.m2/repository/org/springframework/spring-expression/5.0.8.RELEASE/spring-expression-5.0.8.RELEASE.jar:/home/schmids/.m2/repository/org/springframework/spring-jdbc/5.0.8.RELEASE/spring-jdbc-5.0.8.RELEASE.jar:/home/schmids/.m2/repository/org/springframework/spring-tx/5.0.8.RELEASE/spring-tx-5.0.8.RELEASE.jar:/home/schmids/.m2/repository/org/springframework/integration/spring-integration-core/5.0.6.RELEASE/spring-integration-core-5.0.6.RELEASE.jar:/home/schmids/.m2/repository/org/springframework/spring-messaging/5.0.7.RELEASE/spring-messaging-5.0.7.RELEASE.jar:/home/schmids/.m2/repository/org/springframework/retry/spring-retry/1.2.2.RELEASE/spring-retry-1.2.2.RELEASE.jar:/home/schmids/.m2/repository/io/projectreactor/reactor-core/3.1.6.RELEASE/reactor-core-3.1.6.RELEASE.jar:/home/schmids/.m2/repository/org/reactivestreams/reactive-streams/1.0.2/reactive-streams-1.0.2.jar:/home/schmids/.m2/repository/org/springframework/ws/spring-xml/3.0.1.RELEASE/spring-xml-3.0.1.RELEASE.jar:/home/schmids/.m2/repository/commons-logging/commons-logging/1.2/commons-logging-1.2.jar:/home/schmids/.m2/repository/org/springframework/spring-oxm/5.0.8.RELEASE/spring-oxm-5.0.8.RELEASE.jar:/home/schmids/.m2/repository/org/springframework/spring-test/5.0.8.RELEASE/spring-test-5.0.8.RELEASE.jar:/home/schmids/.m2/repository/org/javatuples/javatuples/1.2/javatuples-1.2.jar:/home/schmids/.m2/repository/com/consol/citrus/citrus-java-dsl/2.8.0/citrus-java-dsl-2.8.0.jar:/home/schmids/.m2/repository/com/consol/citrus/citrus-jms/2.8.0/citrus-jms-2.8.0.jar:/home/schmids/.m2/repository/com/consol/citrus/model/citrus-model-jms/2.8.0/citrus-model-jms-2.8.0.jar:/home/schmids/.m2/repository/org/springframework/spring-jms/5.0.8.RELEASE/spring-jms-5.0.8.RELEASE.jar:/home/schmids/.m2/repository/javax/jms/javax.jms-api/2.0.1/javax.jms-api-2.0.1.jar:/home/schmids/.m2/repository/com/sun/xml/messaging/saaj/saaj-impl/1.4.0/saaj-impl-1.4.0.jar:/home/schmids/.m2/repository/javax/xml/soap/javax.xml.soap-api/1.4.0/javax.xml.soap-api-1.4.0.jar:/home/schmids/.m2/repository/org/jvnet/mimepull/mimepull/1.9.7/mimepull-1.9.7.jar:/home/schmids/.m2/repository/org/jvnet/staxex/stax-ex/1.7.8/stax-ex-1.7.8.jar:/home/schmids/.m2/repository/javax/xml/stream/stax-api/1.0-2/stax-api-1.0-2.jar:/home/schmids/.m2/repository/org/springframework/ws/spring-ws-core/3.0.1.RELEASE/spring-ws-core-3.0.1.RELEASE.jar:/home/schmids/.m2/repository/org/springframework/spring-webmvc/5.0.8.RELEASE/spring-webmvc-5.0.8.RELEASE.jar:/home/schmids/.m2/repository/com/consol/citrus/citrus-ws/2.8.0/citrus-ws-2.8.0.jar:/home/schmids/.m2/repository/com/consol/citrus/model/citrus-model-ws/2.8.0/citrus-model-ws-2.8.0.jar:/home/schmids/.m2/repository/javax/activation/activation/1.1.1/activation-1.1.1.jar:/home/schmids/.m2/repository/org/eclipse/jetty/jetty-server/9.4.11.v20180605/jetty-server-9.4.11.v20180605.jar:/home/schmids/.m2/repository/javax/servlet/javax.servlet-api/3.1.0/javax.servlet-api-3.1.0.jar:/home/schmids/.m2/repository/org/eclipse/jetty/jetty-http/9.4.11.v20180605/jetty-http-9.4.11.v20180605.jar:/home/schmids/.m2/repository/org/eclipse/jetty/jetty-util/9.4.11.v20180605/jetty-util-9.4.11.v20180605.jar:/home/schmids/.m2/repository/org/eclipse/jetty/jetty-io/9.4.11.v20180605/jetty-io-9.4.11.v20180605.jar:/home/schmids/.m2/repository/org/eclipse/jetty/jetty-servlet/9.4.11.v20180605/jetty-servlet-9.4.11.v20180605.jar:/home/schmids/.m2/repository/org/eclipse/jetty/jetty-security/9.4.11.v20180605/jetty-security-9.4.11.v20180605.jar:/home/schmids/.m2/repository/commons-io/commons-io/2.6/commons-io-2.6.jar:/home/schmids/.m2/repository/org/springframework/spring-beans/5.0.8.RELEASE/spring-beans-5.0.8.RELEASE.jar:/home/schmids/.m2/repository/org/springframework/spring-aop/5.0.8.RELEASE/spring-aop-5.0.8.RELEASE.jar:/home/schmids/.m2/repository/org/springframework/spring-web/5.0.8.RELEASE/spring-web-5.0.8.RELEASE.jar:/home/schmids/.m2/repository/com/consol/citrus/citrus-http/2.8.0/citrus-http-2.8.0.jar:/home/schmids/.m2/repository/com/consol/citrus/model/citrus-model-http/2.8.0/citrus-model-http-2.8.0.jar:/home/schmids/.m2/repository/org/springframework/integration/spring-integration-http/5.0.6.RELEASE/spring-integration-http-5.0.6.RELEASE.jar:/home/schmids/.m2/repository/org/apache/httpcomponents/httpclient/4.5.5/httpclient-4.5.5.jar:/home/schmids/.m2/repository/org/apache/httpcomponents/httpcore/4.4.9/httpcore-4.4.9.jar:/home/schmids/.m2/repository/junit/junit/4.12/junit-4.12.jar:/home/schmids/.m2/repository/org/slf4j/slf4j-api/1.7.25/slf4j-api-1.7.25.jar:/home/schmids/.m2/repository/org/slf4j/jcl-over-slf4j/1.7.25/jcl-over-slf4j-1.7.25.jar:/home/schmids/.m2/repository/org/slf4j/slf4j-log4j12/1.7.25/slf4j-log4j12-1.7.25.jar:/home/schmids/.m2/repository/log4j/log4j/1.2.17/log4j-1.2.17.jar:"/>
    <property name="java.vm.vendor" value="Oracle Corporation"/>
    <property name="sun.arch.data.model" value="64"/>
    <property name="java.vendor.url" value="http://java.oracle.com/"/>
    <property name="user.timezone" value=""/>
    <property name="java.vm.specification.version" value="1.8"/>
    <property name="os.name" value="Linux"/>
    <property name="user.country" value="DE"/>
    <property name="sun.java.launcher" value="SUN_STANDARD"/>
    <property name="sun.boot.library.path" value="/usr/lib/jvm/java-8-openjdk-amd64/jre/lib/amd64"/>
    <property name="sun.java.command" value="/home/schmids/Schreibtisch/Projects/apitests/citrus/citrus-samples/target/surefire/surefirebooter8475965083581986192.jar /home/schmids/Schreibtisch/Projects/apitests/citrus/citrus-samples/target/surefire 2019-05-27T17-44-55_775-jvmRun1 surefire5703477785041064189tmp surefire_07188811454894504158tmp"/>
    <property name="surefire.test.class.path" value="/home/schmids/Schreibtisch/Projects/apitests/citrus/citrus-samples/target/test-classes:/home/schmids/Schreibtisch/Projects/apitests/citrus/citrus-samples/target/citrus-samples-1.0-SNAPSHOT.jar:/home/schmids/.m2/repository/com/consol/citrus/citrus-core/2.8.0/citrus-core-2.8.0.jar:/home/schmids/.m2/repository/com/consol/citrus/model/citrus-model-core/2.8.0/citrus-model-core-2.8.0.jar:/home/schmids/.m2/repository/javax/xml/bind/jaxb-api/2.3.0/jaxb-api-2.3.0.jar:/home/schmids/.m2/repository/com/sun/xml/bind/jaxb-core/2.3.0/jaxb-core-2.3.0.jar:/home/schmids/.m2/repository/com/sun/xml/bind/jaxb-impl/2.3.0/jaxb-impl-2.3.0.jar:/home/schmids/.m2/repository/commons-cli/commons-cli/1.4/commons-cli-1.4.jar:/home/schmids/.m2/repository/commons-codec/commons-codec/1.11/commons-codec-1.11.jar:/home/schmids/.m2/repository/commons-lang/commons-lang/2.6/commons-lang-2.6.jar:/home/schmids/.m2/repository/xalan/xalan/2.7.2/xalan-2.7.2.jar:/home/schmids/.m2/repository/xalan/serializer/2.7.2/serializer-2.7.2.jar:/home/schmids/.m2/repository/xerces/xercesImpl/2.12.0/xercesImpl-2.12.0.jar:/home/schmids/.m2/repository/xml-apis/xml-apis/1.4.01/xml-apis-1.4.01.jar:/home/schmids/.m2/repository/wsdl4j/wsdl4j/1.6.3/wsdl4j-1.6.3.jar:/home/schmids/.m2/repository/net/sf/jtidy/jtidy/r938/jtidy-r938.jar:/home/schmids/.m2/repository/org/hamcrest/hamcrest-core/1.3/hamcrest-core-1.3.jar:/home/schmids/.m2/repository/org/hamcrest/hamcrest-library/1.3/hamcrest-library-1.3.jar:/home/schmids/.m2/repository/org/codehaus/groovy/groovy/2.5.0/groovy-2.5.0.jar:/home/schmids/.m2/repository/org/codehaus/groovy/groovy-xml/2.5.0/groovy-xml-2.5.0.jar:/home/schmids/.m2/repository/org/codehaus/groovy/groovy-json/2.5.0/groovy-json-2.5.0.jar:/home/schmids/.m2/repository/org/codehaus/groovy/groovy-jsr223/2.5.0/groovy-jsr223-2.5.0.jar:/home/schmids/.m2/repository/commons-logging/commons-logging-api/1.1/commons-logging-api-1.1.jar:/home/schmids/.m2/repository/com/fasterxml/jackson/core/jackson-core/2.9.8/jackson-core-2.9.8.jar:/home/schmids/.m2/repository/com/fasterxml/jackson/core/jackson-annotations/2.9.8/jackson-annotations-2.9.8.jar:/home/schmids/.m2/repository/com/fasterxml/jackson/core/jackson-databind/2.9.8/jackson-databind-2.9.8.jar:/home/schmids/.m2/repository/net/minidev/json-smart/2.3/json-smart-2.3.jar:/home/schmids/.m2/repository/net/minidev/accessors-smart/1.2/accessors-smart-1.2.jar:/home/schmids/.m2/repository/org/ow2/asm/asm/5.0.4/asm-5.0.4.jar:/home/schmids/.m2/repository/com/jayway/jsonpath/json-path/2.4.0/json-path-2.4.0.jar:/home/schmids/.m2/repository/com/github/java-json-tools/json-schema-validator/2.2.10/json-schema-validator-2.2.10.jar:/home/schmids/.m2/repository/com/github/java-json-tools/json-schema-core/1.2.10/json-schema-core-1.2.10.jar:/home/schmids/.m2/repository/com/github/java-json-tools/jackson-coreutils/1.9/jackson-coreutils-1.9.jar:/home/schmids/.m2/repository/com/google/guava/guava/16.0.1/guava-16.0.1.jar:/home/schmids/.m2/repository/com/github/fge/msg-simple/1.1/msg-simple-1.1.jar:/home/schmids/.m2/repository/com/github/fge/btf/1.2/btf-1.2.jar:/home/schmids/.m2/repository/com/github/fge/uri-template/0.9/uri-template-0.9.jar:/home/schmids/.m2/repository/org/mozilla/rhino/1.7.7.1/rhino-1.7.7.1.jar:/home/schmids/.m2/repository/javax/mail/mailapi/1.4.3/mailapi-1.4.3.jar:/home/schmids/.m2/repository/joda-time/joda-time/2.9.7/joda-time-2.9.7.jar:/home/schmids/.m2/repository/com/googlecode/libphonenumber/libphonenumber/8.0.0/libphonenumber-8.0.0.jar:/home/schmids/.m2/repository/com/google/code/findbugs/jsr305/3.0.1/jsr305-3.0.1.jar:/home/schmids/.m2/repository/net/sf/jopt-simple/jopt-simple/5.0.3/jopt-simple-5.0.3.jar:/home/schmids/.m2/repository/org/springframework/spring-core/5.0.8.RELEASE/spring-core-5.0.8.RELEASE.jar:/home/schmids/.m2/repository/org/springframework/spring-jcl/5.0.8.RELEASE/spring-jcl-5.0.8.RELEASE.jar:/home/schmids/.m2/repository/org/springframework/spring-context/5.0.8.RELEASE/spring-context-5.0.8.RELEASE.jar:/home/schmids/.m2/repository/org/springframework/spring-expression/5.0.8.RELEASE/spring-expression-5.0.8.RELEASE.jar:/home/schmids/.m2/repository/org/springframework/spring-jdbc/5.0.8.RELEASE/spring-jdbc-5.0.8.RELEASE.jar:/home/schmids/.m2/repository/org/springframework/spring-tx/5.0.8.RELEASE/spring-tx-5.0.8.RELEASE.jar:/home/schmids/.m2/repository/org/springframework/integration/spring-integration-core/5.0.6.RELEASE/spring-integration-core-5.0.6.RELEASE.jar:/home/schmids/.m2/repository/org/springframework/spring-messaging/5.0.7.RELEASE/spring-messaging-5.0.7.RELEASE.jar:/home/schmids/.m2/repository/org/springframework/retry/spring-retry/1.2.2.RELEASE/spring-retry-1.2.2.RELEASE.jar:/home/schmids/.m2/repository/io/projectreactor/reactor-core/3.1.6.RELEASE/reactor-core-3.1.6.RELEASE.jar:/home/schmids/.m2/repository/org/reactivestreams/reactive-streams/1.0.2/reactive-streams-1.0.2.jar:/home/schmids/.m2/repository/org/springframework/ws/spring-xml/3.0.1.RELEASE/spring-xml-3.0.1.RELEASE.jar:/home/schmids/.m2/repository/commons-logging/commons-logging/1.2/commons-logging-1.2.jar:/home/schmids/.m2/repository/org/springframework/spring-oxm/5.0.8.RELEASE/spring-oxm-5.0.8.RELEASE.jar:/home/schmids/.m2/repository/org/springframework/spring-test/5.0.8.RELEASE/spring-test-5.0.8.RELEASE.jar:/home/schmids/.m2/repository/org/javatuples/javatuples/1.2/javatuples-1.2.jar:/home/schmids/.m2/repository/com/consol/citrus/citrus-java-dsl/2.8.0/citrus-java-dsl-2.8.0.jar:/home/schmids/.m2/repository/com/consol/citrus/citrus-jms/2.8.0/citrus-jms-2.8.0.jar:/home/schmids/.m2/repository/com/consol/citrus/model/citrus-model-jms/2.8.0/citrus-model-jms-2.8.0.jar:/home/schmids/.m2/repository/org/springframework/spring-jms/5.0.8.RELEASE/spring-jms-5.0.8.RELEASE.jar:/home/schmids/.m2/repository/javax/jms/javax.jms-api/2.0.1/javax.jms-api-2.0.1.jar:/home/schmids/.m2/repository/com/sun/xml/messaging/saaj/saaj-impl/1.4.0/saaj-impl-1.4.0.jar:/home/schmids/.m2/repository/javax/xml/soap/javax.xml.soap-api/1.4.0/javax.xml.soap-api-1.4.0.jar:/home/schmids/.m2/repository/org/jvnet/mimepull/mimepull/1.9.7/mimepull-1.9.7.jar:/home/schmids/.m2/repository/org/jvnet/staxex/stax-ex/1.7.8/stax-ex-1.7.8.jar:/home/schmids/.m2/repository/javax/xml/stream/stax-api/1.0-2/stax-api-1.0-2.jar:/home/schmids/.m2/repository/org/springframework/ws/spring-ws-core/3.0.1.RELEASE/spring-ws-core-3.0.1.RELEASE.jar:/home/schmids/.m2/repository/org/springframework/spring-webmvc/5.0.8.RELEASE/spring-webmvc-5.0.8.RELEASE.jar:/home/schmids/.m2/repository/com/consol/citrus/citrus-ws/2.8.0/citrus-ws-2.8.0.jar:/home/schmids/.m2/repository/com/consol/citrus/model/citrus-model-ws/2.8.0/citrus-model-ws-2.8.0.jar:/home/schmids/.m2/repository/javax/activation/activation/1.1.1/activation-1.1.1.jar:/home/schmids/.m2/repository/org/eclipse/jetty/jetty-server/9.4.11.v20180605/jetty-server-9.4.11.v20180605.jar:/home/schmids/.m2/repository/javax/servlet/javax.servlet-api/3.1.0/javax.servlet-api-3.1.0.jar:/home/schmids/.m2/repository/org/eclipse/jetty/jetty-http/9.4.11.v20180605/jetty-http-9.4.11.v20180605.jar:/home/schmids/.m2/repository/org/eclipse/jetty/jetty-util/9.4.11.v20180605/jetty-util-9.4.11.v20180605.jar:/home/schmids/.m2/repository/org/eclipse/jetty/jetty-io/9.4.11.v20180605/jetty-io-9.4.11.v20180605.jar:/home/schmids/.m2/repository/org/eclipse/jetty/jetty-servlet/9.4.11.v20180605/jetty-servlet-9.4.11.v20180605.jar:/home/schmids/.m2/repository/org/eclipse/jetty/jetty-security/9.4.11.v20180605/jetty-security-9.4.11.v20180605.jar:/home/schmids/.m2/repository/commons-io/commons-io/2.6/commons-io-2.6.jar:/home/schmids/.m2/repository/org/springframework/spring-beans/5.0.8.RELEASE/spring-beans-5.0.8.RELEASE.jar:/home/schmids/.m2/repository/org/springframework/spring-aop/5.0.8.RELEASE/spring-aop-5.0.8.RELEASE.jar:/home/schmids/.m2/repository/org/springframework/spring-web/5.0.8.RELEASE/spring-web-5.0.8.RELEASE.jar:/home/schmids/.m2/repository/com/consol/citrus/citrus-http/2.8.0/citrus-http-2.8.0.jar:/home/schmids/.m2/repository/com/consol/citrus/model/citrus-model-http/2.8.0/citrus-model-http-2.8.0.jar:/home/schmids/.m2/repository/org/springframework/integration/spring-integration-http/5.0.6.RELEASE/spring-integration-http-5.0.6.RELEASE.jar:/home/schmids/.m2/repository/org/apache/httpcomponents/httpclient/4.5.5/httpclient-4.5.5.jar:/home/schmids/.m2/repository/org/apache/httpcomponents/httpcore/4.4.9/httpcore-4.4.9.jar:/home/schmids/.m2/repository/junit/junit/4.12/junit-4.12.jar:/home/schmids/.m2/repository/org/slf4j/slf4j-api/1.7.25/slf4j-api-1.7.25.jar:/home/schmids/.m2/repository/org/slf4j/jcl-over-slf4j/1.7.25/jcl-over-slf4j-1.7.25.jar:/home/schmids/.m2/repository/org/slf4j/slf4j-log4j12/1.7.25/slf4j-log4j12-1.7.25.jar:/home/schmids/.m2/repository/log4j/log4j/1.2.17/log4j-1.2.17.jar:"/>
    <property name="sun.cpu.endian" value="little"/>
    <property name="user.home" value="/home/schmids"/>
    <property name="user.language" value="de"/>
    <property name="java.specification.vendor" value="Oracle Corporation"/>
    <property name="java.home" value="/usr/lib/jvm/java-8-openjdk-amd64/jre"/>
    <property name="basedir" value="/home/schmids/Schreibtisch/Projects/apitests/citrus/citrus-samples"/>
    <property name="file.separator" value="/"/>
    <property name="line.separator" value="&#10;"/>
    <property name="java.vm.specification.vendor" value="Oracle Corporation"/>
    <property name="java.specification.name" value="Java Platform API Specification"/>
    <property name="java.awt.graphicsenv" value="sun.awt.X11GraphicsEnvironment"/>
    <property name="surefire.real.class.path" value="/home/schmids/Schreibtisch/Projects/apitests/citrus/citrus-samples/target/surefire/surefirebooter8475965083581986192.jar"/>
    <property name="sun.boot.class.path" value="/usr/lib/jvm/java-8-openjdk-amd64/jre/lib/resources.jar:/usr/lib/jvm/java-8-openjdk-amd64/jre/lib/rt.jar:/usr/lib/jvm/java-8-openjdk-amd64/jre/lib/sunrsasign.jar:/usr/lib/jvm/java-8-openjdk-amd64/jre/lib/jsse.jar:/usr/lib/jvm/java-8-openjdk-amd64/jre/lib/jce.jar:/usr/lib/jvm/java-8-openjdk-amd64/jre/lib/charsets.jar:/usr/lib/jvm/java-8-openjdk-amd64/jre/lib/jfr.jar:/usr/lib/jvm/java-8-openjdk-amd64/jre/classes"/>
    <property name="sun.management.compiler" value="HotSpot 64-Bit Tiered Compilers"/>
    <property name="java.runtime.version" value="1.8.0_212-8u212-b03-0ubuntu1.16.04.1-b03"/>
    <property name="user.name" value="schmids"/>
    <property name="path.separator" value=":"/>
    <property name="os.version" value="4.15.0-43-generic"/>
    <property name="java.endorsed.dirs" value="/usr/lib/jvm/java-8-openjdk-amd64/jre/lib/endorsed"/>
    <property name="java.runtime.name" value="OpenJDK Runtime Environment"/>
    <property name="file.encoding" value="UTF-8"/>
    <property name="java.vm.name" value="OpenJDK 64-Bit Server VM"/>
    <property name="localRepository" value="/home/schmids/.m2/repository"/>
    <property name="java.vendor.url.bug" value="http://bugreport.sun.com/bugreport/"/>
    <property name="java.io.tmpdir" value="/tmp"/>
    <property name="java.version" value="1.8.0_212"/>
    <property name="user.dir" value="/home/schmids/Schreibtisch/Projects/apitests/citrus/citrus-samples"/>
    <property name="os.arch" value="amd64"/>
    <property name="java.vm.specification.name" value="Java Virtual Machine Specification"/>
    <property name="java.awt.printerjob" value="sun.print.PSPrinterJob"/>
    <property name="sun.os.patch.level" value="unknown"/>
    <property name="java.library.path" value="/usr/java/packages/lib/amd64:/usr/lib/x86_64-linux-gnu/jni:/lib/x86_64-linux-gnu:/usr/lib/x86_64-linux-gnu:/usr/lib/jni:/lib:/usr/lib"/>
    <property name="java.vm.info" value="mixed mode"/>
    <property name="java.vendor" value="Oracle Corporation"/>
    <property name="java.vm.version" value="25.212-b03"/>
    <property name="java.ext.dirs" value="/usr/lib/jvm/java-8-openjdk-amd64/jre/lib/ext:/usr/java/packages/lib/ext"/>
    <property name="sun.io.unicode.encoding" value="UnicodeLittle"/>
    <property name="java.class.version" value="52.0"/>
  </properties>
  <testcase name="testGet" classname="de.muenchen.citrus.samples.apitest.TodoListIT" time="0.127"/>
</testsuite>