<?xml version="1.0" encoding="UTF-8"?>
<testsuite name="de.muenchen.citrus.samples.apitest.TodoListIT" time="0.0" tests="1" errors="0" skipped="0" failures="0">
    <testcase name="TodoListIT.testGet" classname="de.muenchen.citrus.samples.apitest.TodoListIT" time="0.0"/>
</testsuite>